Copyright 1986-2018 Xilinx, Inc. All Rights Reserved.
------------------------------------------------------------------------------------------------
| Tool Version : Vivado v.2018.2 (lin64) Build 2258646 Thu Jun 14 20:02:38 MDT 2018
| Date         : Sun Mar 31 20:22:41 2019
| Host         : zhenyu-XPS-8910 running 64-bit Ubuntu 16.04.6 LTS
| Command      : report_control_sets -verbose -file ZYNQ_File_Operation_control_sets_placed.rpt
| Design       : ZYNQ_File_Operation
| Device       : xc7z020
------------------------------------------------------------------------------------------------

Control Set Information

Table of Contents
-----------------
1. Summary
2. Histogram
3. Flip-Flop Distribution
4. Detailed Control Set Information

1. Summary
----------

+----------------------------------------------------------+-------+
|                          Status                          | Count |
+----------------------------------------------------------+-------+
| Number of unique control sets                            |    85 |
| Unused register locations in slices containing registers |   192 |
+----------------------------------------------------------+-------+


2. Histogram
------------

+--------+--------------+
| Fanout | Control Sets |
+--------+--------------+
|      4 |            1 |
|      8 |           18 |
|     10 |            1 |
|     12 |           11 |
|     14 |            5 |
|    16+ |           49 |
+--------+--------------+


3. Flip-Flop Distribution
-------------------------

+--------------+-----------------------+------------------------+-----------------+--------------+
| Clock Enable | Synchronous Set/Reset | Asynchronous Set/Reset | Total Registers | Total Slices |
+--------------+-----------------------+------------------------+-----------------+--------------+
| No           | No                    | No                     |             416 |           66 |
| No           | No                    | Yes                    |               0 |            0 |
| No           | Yes                   | No                     |             642 |          110 |
| Yes          | No                    | No                     |             758 |           81 |
| Yes          | No                    | Yes                    |               0 |            0 |
| Yes          | Yes                   | No                     |             560 |           69 |
+--------------+-----------------------+------------------------+-----------------+--------------+


4. Detailed Control Set Information
-----------------------------------

+--------------------------------------+-----------------------------------------------------------------------------------------------------------------------------------------------------+---------------------------------------------------------------------------------------------------------------------------------+------------------+----------------+
|             Clock Signal             |                                                                    Enable Signal                                                                    |                                                         Set/Reset Signal                                                        | Slice Load Count | Bel Load Count |
+--------------------------------------+-----------------------------------------------------------------------------------------------------------------------------------------------------+---------------------------------------------------------------------------------------------------------------------------------+------------------+----------------+
|  processing_system7_0/inst/FCLK_CLK0 | ps7_0_axi_periph/s00_couplers/auto_pc/inst/gen_axilite.gen_b2s_conv.axilite_b2s/WR.b_channel_0/bid_fifo_0/bresp_push                                |                                                                                                                                 |                1 |              4 |
|  processing_system7_0/inst/FCLK_CLK0 | axi_uartlite_2/U0/UARTLITE_CORE_I/BAUD_RATE_I/en_16x_Baud                                                                                           |                                                                                                                                 |                2 |              8 |
|  processing_system7_0/inst/FCLK_CLK0 |                                                                                                                                                     | ps7_0_axi_periph/s00_couplers/auto_pc/inst/gen_axilite.gen_b2s_conv.axilite_b2s/SI_REG/ar.ar_pipe/m_valid_i_reg_0               |                2 |              8 |
|  processing_system7_0/inst/FCLK_CLK0 | axi_uartlite_1/U0/AXI_LITE_IPIF_I/I_SLAVE_ATTACHMENT/start2                                                                                         | axi_uartlite_1/U0/AXI_LITE_IPIF_I/I_SLAVE_ATTACHMENT/I_DECODER/cs_ce_clr                                                        |                1 |              8 |
|  processing_system7_0/inst/FCLK_CLK0 |                                                                                                                                                     | ps7_0_axi_periph/s00_couplers/auto_pc/inst/gen_axilite.gen_b2s_conv.axilite_b2s/SI_REG/aw.aw_pipe/s_ready_i_reg_0               |                2 |              8 |
|  processing_system7_0/inst/FCLK_CLK0 | axi_uartlite_1/U0/UARTLITE_CORE_I/BAUD_RATE_I/en_16x_Baud                                                                                           |                                                                                                                                 |                2 |              8 |
|  processing_system7_0/inst/FCLK_CLK0 | axi_uartlite_0/U0/AXI_LITE_IPIF_I/I_SLAVE_ATTACHMENT/start2                                                                                         | axi_uartlite_0/U0/AXI_LITE_IPIF_I/I_SLAVE_ATTACHMENT/I_DECODER/cs_ce_clr                                                        |                1 |              8 |
|  processing_system7_0/inst/FCLK_CLK0 | ps7_0_axi_periph/s00_couplers/auto_pc/inst/gen_axilite.gen_b2s_conv.axilite_b2s/RD.ar_channel_0/ar_cmd_fsm_0/axaddr_incr_reg[0][0]                  |                                                                                                                                 |                1 |              8 |
|  processing_system7_0/inst/FCLK_CLK0 | axi_uartlite_0/U0/UARTLITE_CORE_I/BAUD_RATE_I/en_16x_Baud                                                                                           |                                                                                                                                 |                2 |              8 |
|  processing_system7_0/inst/FCLK_CLK0 | ps7_0_axi_periph/s00_couplers/auto_pc/inst/gen_axilite.gen_b2s_conv.axilite_b2s/RD.ar_channel_0/ar_cmd_fsm_0/E[0]                                   | ps7_0_axi_periph/s00_couplers/auto_pc/inst/gen_axilite.gen_b2s_conv.axilite_b2s/RD.ar_channel_0/ar_cmd_fsm_0/axlen_cnt_reg[7]   |                2 |              8 |
|  processing_system7_0/inst/FCLK_CLK0 | axi_uartlite_2/U0/AXI_LITE_IPIF_I/I_SLAVE_ATTACHMENT/start2                                                                                         | axi_uartlite_2/U0/AXI_LITE_IPIF_I/I_SLAVE_ATTACHMENT/I_DECODER/cs_ce_clr                                                        |                1 |              8 |
|  processing_system7_0/inst/FCLK_CLK0 | ps7_0_axi_periph/s00_couplers/auto_pc/inst/gen_axilite.gen_b2s_conv.axilite_b2s/RD.ar_channel_0/ar_cmd_fsm_0/wrap_boundary_axaddr_r_reg[11][0]      |                                                                                                                                 |                2 |              8 |
|  processing_system7_0/inst/FCLK_CLK0 | ps7_0_axi_periph/s00_couplers/auto_pc/inst/gen_axilite.gen_b2s_conv.axilite_b2s/WR.aw_channel_0/aw_cmd_fsm_0/E[0]                                   |                                                                                                                                 |                2 |              8 |
|  processing_system7_0/inst/FCLK_CLK0 | ps7_0_axi_periph/s00_couplers/auto_pc/inst/gen_axilite.gen_b2s_conv.axilite_b2s/WR.aw_channel_0/aw_cmd_fsm_0/axaddr_wrap_reg[11][0]                 | ps7_0_axi_periph/s00_couplers/auto_pc/inst/gen_axilite.gen_b2s_conv.axilite_b2s/WR.aw_channel_0/aw_cmd_fsm_0/axlen_cnt_reg[7]_1 |                1 |              8 |
|  processing_system7_0/inst/FCLK_CLK0 | axi_uartlite_4/U0/UARTLITE_CORE_I/BAUD_RATE_I/en_16x_Baud                                                                                           |                                                                                                                                 |                2 |              8 |
|  processing_system7_0/inst/FCLK_CLK0 | ps7_0_axi_periph/s00_couplers/auto_pc/inst/gen_axilite.gen_b2s_conv.axilite_b2s/WR.aw_channel_0/cmd_translator_0/incr_cmd_0/axaddr_incr[11]_i_1_n_0 |                                                                                                                                 |                2 |              8 |
|  processing_system7_0/inst/FCLK_CLK0 | axi_uartlite_3/U0/AXI_LITE_IPIF_I/I_SLAVE_ATTACHMENT/start2                                                                                         | axi_uartlite_3/U0/AXI_LITE_IPIF_I/I_SLAVE_ATTACHMENT/I_DECODER/cs_ce_clr                                                        |                1 |              8 |
|  processing_system7_0/inst/FCLK_CLK0 | axi_uartlite_4/U0/AXI_LITE_IPIF_I/I_SLAVE_ATTACHMENT/start2                                                                                         | axi_uartlite_4/U0/AXI_LITE_IPIF_I/I_SLAVE_ATTACHMENT/I_DECODER/cs_ce_clr                                                        |                1 |              8 |
|  processing_system7_0/inst/FCLK_CLK0 | axi_uartlite_3/U0/UARTLITE_CORE_I/BAUD_RATE_I/en_16x_Baud                                                                                           |                                                                                                                                 |                2 |              8 |
|  processing_system7_0/inst/FCLK_CLK0 |                                                                                                                                                     | proc_sys_reset_0/U0/EXT_LPF/lpf_int                                                                                             |                4 |             10 |
|  processing_system7_0/inst/FCLK_CLK0 |                                                                                                                                                     | axi_uartlite_1/U0/UARTLITE_CORE_I/UARTLITE_RX_I/SRL_FIFO_I/I_SRL_FIFO_RBU_F/CNTR_INCR_DECR_ADDN_F_I/SS[0]                       |                2 |             12 |
|  processing_system7_0/inst/FCLK_CLK0 | proc_sys_reset_0/U0/SEQ/seq_cnt_en                                                                                                                  | proc_sys_reset_0/U0/SEQ/SEQ_COUNTER/clear                                                                                       |                1 |             12 |
|  processing_system7_0/inst/FCLK_CLK0 |                                                                                                                                                     | axi_uartlite_1/U0/UARTLITE_CORE_I/UARTLITE_TX_I/SRL_FIFO_I/I_SRL_FIFO_RBU_F/CNTR_INCR_DECR_ADDN_F_I/SS[0]                       |                2 |             12 |
|  processing_system7_0/inst/FCLK_CLK0 |                                                                                                                                                     | axi_uartlite_0/U0/UARTLITE_CORE_I/UARTLITE_RX_I/SRL_FIFO_I/I_SRL_FIFO_RBU_F/CNTR_INCR_DECR_ADDN_F_I/SS[0]                       |                2 |             12 |
|  processing_system7_0/inst/FCLK_CLK0 |                                                                                                                                                     | axi_uartlite_2/U0/UARTLITE_CORE_I/UARTLITE_RX_I/SRL_FIFO_I/I_SRL_FIFO_RBU_F/CNTR_INCR_DECR_ADDN_F_I/SS[0]                       |                2 |             12 |
|  processing_system7_0/inst/FCLK_CLK0 |                                                                                                                                                     | axi_uartlite_2/U0/UARTLITE_CORE_I/UARTLITE_TX_I/SRL_FIFO_I/I_SRL_FIFO_RBU_F/CNTR_INCR_DECR_ADDN_F_I/SS[0]                       |                2 |             12 |
|  processing_system7_0/inst/FCLK_CLK0 |                                                                                                                                                     | axi_uartlite_3/U0/UARTLITE_CORE_I/UARTLITE_RX_I/SRL_FIFO_I/I_SRL_FIFO_RBU_F/CNTR_INCR_DECR_ADDN_F_I/SS[0]                       |                3 |             12 |
|  processing_system7_0/inst/FCLK_CLK0 |                                                                                                                                                     | axi_uartlite_3/U0/UARTLITE_CORE_I/UARTLITE_TX_I/SRL_FIFO_I/I_SRL_FIFO_RBU_F/CNTR_INCR_DECR_ADDN_F_I/SS[0]                       |                2 |             12 |
|  processing_system7_0/inst/FCLK_CLK0 |                                                                                                                                                     | axi_uartlite_0/U0/UARTLITE_CORE_I/UARTLITE_TX_I/SRL_FIFO_I/I_SRL_FIFO_RBU_F/CNTR_INCR_DECR_ADDN_F_I/SS[0]                       |                2 |             12 |
|  processing_system7_0/inst/FCLK_CLK0 |                                                                                                                                                     | axi_uartlite_4/U0/UARTLITE_CORE_I/UARTLITE_RX_I/SRL_FIFO_I/I_SRL_FIFO_RBU_F/CNTR_INCR_DECR_ADDN_F_I/SS[0]                       |                3 |             12 |
|  processing_system7_0/inst/FCLK_CLK0 |                                                                                                                                                     | axi_uartlite_4/U0/UARTLITE_CORE_I/UARTLITE_TX_I/SRL_FIFO_I/I_SRL_FIFO_RBU_F/CNTR_INCR_DECR_ADDN_F_I/SS[0]                       |                3 |             12 |
|  processing_system7_0/inst/FCLK_CLK0 | axi_uartlite_1/U0/UARTLITE_CORE_I/BAUD_RATE_I/en_16x_Baud                                                                                           | axi_uartlite_1/U0/UARTLITE_CORE_I/UARTLITE_RX_I/SERIAL_TO_PARALLEL[8].fifo_din[8]_i_1_n_0                                       |                2 |             14 |
|  processing_system7_0/inst/FCLK_CLK0 | axi_uartlite_3/U0/UARTLITE_CORE_I/BAUD_RATE_I/en_16x_Baud                                                                                           | axi_uartlite_3/U0/UARTLITE_CORE_I/UARTLITE_RX_I/SERIAL_TO_PARALLEL[8].fifo_din[8]_i_1_n_0                                       |                2 |             14 |
|  processing_system7_0/inst/FCLK_CLK0 | axi_uartlite_4/U0/UARTLITE_CORE_I/BAUD_RATE_I/en_16x_Baud                                                                                           | axi_uartlite_4/U0/UARTLITE_CORE_I/UARTLITE_RX_I/SERIAL_TO_PARALLEL[8].fifo_din[8]_i_1_n_0                                       |                2 |             14 |
|  processing_system7_0/inst/FCLK_CLK0 | axi_uartlite_0/U0/UARTLITE_CORE_I/BAUD_RATE_I/en_16x_Baud                                                                                           | axi_uartlite_0/U0/UARTLITE_CORE_I/UARTLITE_RX_I/SERIAL_TO_PARALLEL[8].fifo_din[8]_i_1_n_0                                       |                2 |             14 |
|  processing_system7_0/inst/FCLK_CLK0 | axi_uartlite_2/U0/UARTLITE_CORE_I/BAUD_RATE_I/en_16x_Baud                                                                                           | axi_uartlite_2/U0/UARTLITE_CORE_I/UARTLITE_RX_I/SERIAL_TO_PARALLEL[8].fifo_din[8]_i_1_n_0                                       |                2 |             14 |
|  processing_system7_0/inst/FCLK_CLK0 | ps7_0_axi_periph/s00_couplers/auto_pc/inst/gen_axilite.gen_b2s_conv.axilite_b2s/WR.b_channel_0/mhandshake_r                                         | ps7_0_axi_periph/s00_couplers/auto_pc/inst/gen_axilite.gen_b2s_conv.axilite_b2s/WR.b_channel_0/bid_fifo_0/SR[0]                 |                4 |             16 |
|  processing_system7_0/inst/FCLK_CLK0 | axi_uartlite_3/U0/AXI_LITE_IPIF_I/I_SLAVE_ATTACHMENT/I_DECODER/fifo_wr                                                                              |                                                                                                                                 |                1 |             16 |
|  processing_system7_0/inst/FCLK_CLK0 | axi_uartlite_2/U0/UARTLITE_CORE_I/UARTLITE_RX_I/SRL_FIFO_I/I_SRL_FIFO_RBU_F/DYNSHREG_F_I/fifo_wr                                                    |                                                                                                                                 |                1 |             16 |
|  processing_system7_0/inst/FCLK_CLK0 | axi_uartlite_2/U0/AXI_LITE_IPIF_I/I_SLAVE_ATTACHMENT/I_DECODER/fifo_wr                                                                              |                                                                                                                                 |                1 |             16 |
|  processing_system7_0/inst/FCLK_CLK0 | axi_uartlite_1/U0/UARTLITE_CORE_I/UARTLITE_RX_I/SRL_FIFO_I/I_SRL_FIFO_RBU_F/DYNSHREG_F_I/fifo_wr                                                    |                                                                                                                                 |                1 |             16 |
|  processing_system7_0/inst/FCLK_CLK0 | axi_uartlite_1/U0/AXI_LITE_IPIF_I/I_SLAVE_ATTACHMENT/I_DECODER/fifo_wr                                                                              |                                                                                                                                 |                1 |             16 |
|  processing_system7_0/inst/FCLK_CLK0 | axi_uartlite_4/U0/AXI_LITE_IPIF_I/I_SLAVE_ATTACHMENT/I_DECODER/fifo_wr                                                                              |                                                                                                                                 |                1 |             16 |
|  processing_system7_0/inst/FCLK_CLK0 | axi_uartlite_3/U0/UARTLITE_CORE_I/UARTLITE_RX_I/SRL_FIFO_I/I_SRL_FIFO_RBU_F/DYNSHREG_F_I/fifo_wr                                                    |                                                                                                                                 |                1 |             16 |
|  processing_system7_0/inst/FCLK_CLK0 | axi_uartlite_4/U0/UARTLITE_CORE_I/UARTLITE_RX_I/SRL_FIFO_I/I_SRL_FIFO_RBU_F/DYNSHREG_F_I/fifo_wr                                                    |                                                                                                                                 |                1 |             16 |
|  processing_system7_0/inst/FCLK_CLK0 | axi_uartlite_0/U0/AXI_LITE_IPIF_I/I_SLAVE_ATTACHMENT/I_DECODER/fifo_wr                                                                              |                                                                                                                                 |                1 |             16 |
|  processing_system7_0/inst/FCLK_CLK0 | axi_uartlite_0/U0/UARTLITE_CORE_I/UARTLITE_RX_I/SRL_FIFO_I/I_SRL_FIFO_RBU_F/DYNSHREG_F_I/fifo_wr                                                    |                                                                                                                                 |                1 |             16 |
|  processing_system7_0/inst/FCLK_CLK0 | axi_uartlite_4/U0/AXI_LITE_IPIF_I/I_SLAVE_ATTACHMENT/s_axi_rresp_i                                                                                  | axi_uartlite_4/U0/AXI_LITE_IPIF_I/I_SLAVE_ATTACHMENT/rst                                                                        |                3 |             18 |
|  processing_system7_0/inst/FCLK_CLK0 | axi_uartlite_3/U0/AXI_LITE_IPIF_I/I_SLAVE_ATTACHMENT/s_axi_rresp_i                                                                                  | axi_uartlite_3/U0/AXI_LITE_IPIF_I/I_SLAVE_ATTACHMENT/rst                                                                        |                3 |             18 |
|  processing_system7_0/inst/FCLK_CLK0 | axi_uartlite_1/U0/AXI_LITE_IPIF_I/I_SLAVE_ATTACHMENT/s_axi_rresp_i                                                                                  | axi_uartlite_1/U0/AXI_LITE_IPIF_I/I_SLAVE_ATTACHMENT/rst                                                                        |                3 |             18 |
|  processing_system7_0/inst/FCLK_CLK0 | axi_uartlite_0/U0/AXI_LITE_IPIF_I/I_SLAVE_ATTACHMENT/s_axi_rresp_i                                                                                  | axi_uartlite_0/U0/AXI_LITE_IPIF_I/I_SLAVE_ATTACHMENT/rst                                                                        |                4 |             18 |
|  processing_system7_0/inst/FCLK_CLK0 | axi_uartlite_2/U0/AXI_LITE_IPIF_I/I_SLAVE_ATTACHMENT/s_axi_rresp_i                                                                                  | axi_uartlite_2/U0/AXI_LITE_IPIF_I/I_SLAVE_ATTACHMENT/rst                                                                        |                4 |             18 |
|  processing_system7_0/inst/FCLK_CLK0 |                                                                                                                                                     | axi_uartlite_0/U0/AXI_LITE_IPIF_I/I_SLAVE_ATTACHMENT/rst                                                                        |                4 |             20 |
|  processing_system7_0/inst/FCLK_CLK0 |                                                                                                                                                     | axi_uartlite_3/U0/AXI_LITE_IPIF_I/I_SLAVE_ATTACHMENT/rst                                                                        |                4 |             20 |
|  processing_system7_0/inst/FCLK_CLK0 |                                                                                                                                                     | axi_uartlite_2/U0/AXI_LITE_IPIF_I/I_SLAVE_ATTACHMENT/rst                                                                        |                4 |             20 |
|  processing_system7_0/inst/FCLK_CLK0 |                                                                                                                                                     | axi_uartlite_1/U0/AXI_LITE_IPIF_I/I_SLAVE_ATTACHMENT/rst                                                                        |                4 |             20 |
|  processing_system7_0/inst/FCLK_CLK0 |                                                                                                                                                     | axi_uartlite_4/U0/AXI_LITE_IPIF_I/I_SLAVE_ATTACHMENT/rst                                                                        |                4 |             20 |
|  processing_system7_0/inst/FCLK_CLK0 | ps7_0_axi_periph/s00_couplers/auto_pc/inst/gen_axilite.gen_b2s_conv.axilite_b2s/WR.aw_channel_0/aw_cmd_fsm_0/axaddr_wrap_reg[11][0]                 |                                                                                                                                 |                4 |             24 |
|  processing_system7_0/inst/FCLK_CLK0 | ps7_0_axi_periph/s00_couplers/auto_pc/inst/gen_axilite.gen_b2s_conv.axilite_b2s/RD.ar_channel_0/ar_cmd_fsm_0/E[0]                                   |                                                                                                                                 |                5 |             24 |
|  processing_system7_0/inst/FCLK_CLK0 |                                                                                                                                                     | ps7_0_axi_periph/xbar/inst/gen_sasd.crossbar_sasd_0/addr_arbiter_inst/SR[0]                                                     |                4 |             26 |
|  processing_system7_0/inst/FCLK_CLK0 | ps7_0_axi_periph/s00_couplers/auto_pc/inst/gen_axilite.gen_b2s_conv.axilite_b2s/RD.r_channel_0/r_push_r                                             |                                                                                                                                 |                4 |             26 |
|  processing_system7_0/inst/FCLK_CLK0 | ps7_0_axi_periph/s00_couplers/auto_pc/inst/gen_axilite.gen_b2s_conv.axilite_b2s/SI_REG/b.b_pipe/skid_buffer_reg[0]_0                                |                                                                                                                                 |                2 |             28 |
|  processing_system7_0/inst/FCLK_CLK0 | ps7_0_axi_periph/s00_couplers/auto_pc/inst/gen_axilite.gen_b2s_conv.axilite_b2s/SI_REG/b.b_pipe/p_1_in                                              |                                                                                                                                 |                2 |             28 |
|  processing_system7_0/inst/FCLK_CLK0 | ps7_0_axi_periph/s00_couplers/auto_pc/inst/gen_axilite.gen_b2s_conv.axilite_b2s/WR.aw_channel_0/aw_cmd_fsm_0/b_push                                 |                                                                                                                                 |                3 |             32 |
|  processing_system7_0/inst/FCLK_CLK0 | ps7_0_axi_periph/xbar/inst/gen_sasd.crossbar_sasd_0/addr_arbiter_inst/p_0_in1_in                                                                    | ps7_0_axi_periph/xbar/inst/gen_sasd.crossbar_sasd_0/addr_arbiter_inst/SR[0]                                                     |                7 |             36 |
|  processing_system7_0/inst/FCLK_CLK0 |                                                                                                                                                     | axi_uartlite_4/U0/UARTLITE_CORE_I/UARTLITE_RX_I/SR[0]                                                                           |                8 |             50 |
|  processing_system7_0/inst/FCLK_CLK0 |                                                                                                                                                     | axi_uartlite_0/U0/UARTLITE_CORE_I/UARTLITE_RX_I/SR[0]                                                                           |                9 |             50 |
|  processing_system7_0/inst/FCLK_CLK0 |                                                                                                                                                     | axi_uartlite_2/U0/UARTLITE_CORE_I/UARTLITE_RX_I/SR[0]                                                                           |                6 |             50 |
|  processing_system7_0/inst/FCLK_CLK0 |                                                                                                                                                     | axi_uartlite_1/U0/UARTLITE_CORE_I/UARTLITE_RX_I/SR[0]                                                                           |               10 |             50 |
|  processing_system7_0/inst/FCLK_CLK0 |                                                                                                                                                     | axi_uartlite_3/U0/UARTLITE_CORE_I/UARTLITE_RX_I/SR[0]                                                                           |                6 |             50 |
|  processing_system7_0/inst/FCLK_CLK0 | axi_uartlite_1/U0/UARTLITE_CORE_I/BAUD_RATE_I/en_16x_Baud                                                                                           | axi_uartlite_1/U0/UARTLITE_CORE_I/UARTLITE_RX_I/SR[0]                                                                           |                4 |             56 |
|  processing_system7_0/inst/FCLK_CLK0 | axi_uartlite_3/U0/UARTLITE_CORE_I/BAUD_RATE_I/en_16x_Baud                                                                                           | axi_uartlite_3/U0/UARTLITE_CORE_I/UARTLITE_RX_I/SR[0]                                                                           |                6 |             56 |
|  processing_system7_0/inst/FCLK_CLK0 | axi_uartlite_4/U0/UARTLITE_CORE_I/BAUD_RATE_I/en_16x_Baud                                                                                           | axi_uartlite_4/U0/UARTLITE_CORE_I/UARTLITE_RX_I/SR[0]                                                                           |                4 |             56 |
|  processing_system7_0/inst/FCLK_CLK0 | axi_uartlite_0/U0/UARTLITE_CORE_I/BAUD_RATE_I/en_16x_Baud                                                                                           | axi_uartlite_0/U0/UARTLITE_CORE_I/UARTLITE_RX_I/SR[0]                                                                           |                4 |             56 |
|  processing_system7_0/inst/FCLK_CLK0 | axi_uartlite_2/U0/UARTLITE_CORE_I/BAUD_RATE_I/en_16x_Baud                                                                                           | axi_uartlite_2/U0/UARTLITE_CORE_I/UARTLITE_RX_I/SR[0]                                                                           |                4 |             56 |
|  processing_system7_0/inst/FCLK_CLK0 | ps7_0_axi_periph/s00_couplers/auto_pc/inst/gen_axilite.gen_b2s_conv.axilite_b2s/RD.r_channel_0/rd_data_fifo_0/wr_en0                                |                                                                                                                                 |                9 |             68 |
|  processing_system7_0/inst/FCLK_CLK0 | ps7_0_axi_periph/xbar/inst/gen_sasd.crossbar_sasd_0/addr_arbiter_inst/E[0]                                                                          |                                                                                                                                 |                7 |             70 |
|  processing_system7_0/inst/FCLK_CLK0 | ps7_0_axi_periph/s00_couplers/auto_pc/inst/gen_axilite.gen_b2s_conv.axilite_b2s/RD.ar_channel_0/ar_cmd_fsm_0/m_payload_i_reg[0]_1[0]                |                                                                                                                                 |               11 |             86 |
|  processing_system7_0/inst/FCLK_CLK0 | ps7_0_axi_periph/s00_couplers/auto_pc/inst/gen_axilite.gen_b2s_conv.axilite_b2s/SI_REG/ar.ar_pipe/s_axi_arready                                     |                                                                                                                                 |               10 |             86 |
|  processing_system7_0/inst/FCLK_CLK0 | ps7_0_axi_periph/s00_couplers/auto_pc/inst/gen_axilite.gen_b2s_conv.axilite_b2s/SI_REG/aw.aw_pipe/s_axi_awready                                     |                                                                                                                                 |                8 |             86 |
|  processing_system7_0/inst/FCLK_CLK0 | ps7_0_axi_periph/s00_couplers/auto_pc/inst/gen_axilite.gen_b2s_conv.axilite_b2s/WR.aw_channel_0/aw_cmd_fsm_0/m_payload_i_reg[0][0]                  |                                                                                                                                 |                6 |             86 |
|  processing_system7_0/inst/FCLK_CLK0 | ps7_0_axi_periph/s00_couplers/auto_pc/inst/gen_axilite.gen_b2s_conv.axilite_b2s/SI_REG/r.r_pipe/skid_buffer_reg[0]_0                                |                                                                                                                                 |                7 |             94 |
|  processing_system7_0/inst/FCLK_CLK0 | ps7_0_axi_periph/s00_couplers/auto_pc/inst/gen_axilite.gen_b2s_conv.axilite_b2s/SI_REG/r.r_pipe/p_1_in                                              |                                                                                                                                 |                7 |             94 |
|  processing_system7_0/inst/FCLK_CLK0 |                                                                                                                                                     | ps7_0_axi_periph/s00_couplers/auto_pc/inst/gen_axilite.gen_b2s_conv.axilite_b2s/areset_d1                                       |               16 |            120 |
|  processing_system7_0/inst/FCLK_CLK0 |                                                                                                                                                     |                                                                                                                                 |               67 |            418 |
+--------------------------------------+-----------------------------------------------------------------------------------------------------------------------------------------------------+---------------------------------------------------------------------------------------------------------------------------------+------------------+----------------+


