#-----------------------------------------------------------
# Vivado v2018.2 (64-bit)
# SW Build 2258646 on Thu Jun 14 20:02:38 MDT 2018
# IP Build 2256618 on Thu Jun 14 22:10:49 MDT 2018
# Start of session at: Sun Mar 31 21:00:13 2019
# Process ID: 7382
# Current directory: /home/zhenyu/FPGA/ZYNQGit/File_WRRD/build/ZYNQ_File_Operation
# Command line: vivado ZYNQ_File_Operation.xpr
# Log file: /home/zhenyu/FPGA/ZYNQGit/File_WRRD/build/ZYNQ_File_Operation/vivado.log
# Journal file: /home/zhenyu/FPGA/ZYNQGit/File_WRRD/build/ZYNQ_File_Operation/vivado.jou
#-----------------------------------------------------------
start_gui
open_project ZYNQ_File_Operation.xpr
Scanning sources...
Finished scanning sources
INFO: [IP_Flow 19-234] Refreshing IP repositories
INFO: [IP_Flow 19-1704] No user IP repositories specified
INFO: [IP_Flow 19-2313] Loaded Vivado IP repository '/opt/Xilinx/Vivado/2018.2/data/ip'.
open_project: Time (s): cpu = 00:00:15 ; elapsed = 00:00:06 . Memory (MB): peak = 6226.891 ; gain = 125.230 ; free physical = 14670 ; free virtual = 53407
update_compile_order -fileset sources_1
launch_sdk -workspace /home/zhenyu/FPGA/ZYNQGit/File_WRRD/sdk -hwspec /home/zhenyu/FPGA/ZYNQGit/File_WRRD/sdk/ZYNQ_File_Operation.hdf
INFO: [Vivado 12-393] Launching SDK...
INFO: [Vivado 12-417] Running xsdk -workspace /home/zhenyu/FPGA/ZYNQGit/File_WRRD/sdk -hwspec /home/zhenyu/FPGA/ZYNQGit/File_WRRD/sdk/ZYNQ_File_Operation.hdf
INFO: [Vivado 12-3157] SDK launch initiated. Please check console for any further messages.
exit
INFO: [Common 17-206] Exiting Vivado at Sun Mar 31 21:02:52 2019...
